<?xml version="1.0" encoding="UTF-8"?>
<testsuite name="com.mycompany.combineadresslists.ExcelHandlerTest" time="14.946" tests="2" errors="1" skipped="0" failures="0">
  <properties>
    <property name="java.runtime.name" value="Java(TM) SE Runtime Environment"/>
    <property name="sun.boot.library.path" value="/home/holgerklein/jdk1.8.0_131/jre/lib/amd64"/>
    <property name="java.vm.version" value="25.131-b11"/>
    <property name="java.vm.vendor" value="Oracle Corporation"/>
    <property name="java.vendor.url" value="http://java.oracle.com/"/>
    <property name="path.separator" value=":"/>
    <property name="guice.disable.misplaced.annotation.check" value="true"/>
    <property name="java.vm.name" value="Java HotSpot(TM) 64-Bit Server VM"/>
    <property name="file.encoding.pkg" value="sun.io"/>
    <property name="user.country" value="DE"/>
    <property name="sun.java.launcher" value="SUN_STANDARD"/>
    <property name="sun.os.patch.level" value="unknown"/>
    <property name="test" value="com.mycompany.combineadresslists.ExcelHandlerTest"/>
    <property name="java.vm.specification.name" value="Java Virtual Machine Specification"/>
    <property name="user.dir" value="/media/holgerklein/Volume/Code/Java/irees/CombineAdressLists"/>
    <property name="java.runtime.version" value="1.8.0_131-b11"/>
    <property name="java.awt.graphicsenv" value="sun.awt.X11GraphicsEnvironment"/>
    <property name="java.endorsed.dirs" value="/home/holgerklein/jdk1.8.0_131/jre/lib/endorsed"/>
    <property name="os.arch" value="amd64"/>
    <property name="java.io.tmpdir" value="/tmp"/>
    <property name="line.separator" value="&#10;"/>
    <property name="java.vm.specification.vendor" value="Oracle Corporation"/>
    <property name="os.name" value="Linux"/>
    <property name="maven.ext.class.path" value="/home/holgerklein/netbeans-8.2/java/maven-nblib/netbeans-eventspy.jar"/>
    <property name="classworlds.conf" value="/home/holgerklein/netbeans-8.2/java/maven/bin/m2.conf"/>
    <property name="sun.jnu.encoding" value="UTF-8"/>
    <property name="java.library.path" value="/home/holgerklein/jdk1.8.0_131/jre/lib/amd64:/home/holgerklein/jdk1.8.0_131/jre/lib/i386::/usr/java/packages/lib/amd64:/usr/lib64:/lib64:/lib:/usr/lib"/>
    <property name="java.specification.name" value="Java Platform API Specification"/>
    <property name="java.class.version" value="52.0"/>
    <property name="sun.management.compiler" value="HotSpot 64-Bit Tiered Compilers"/>
    <property name="os.version" value="4.8.0-52-generic"/>
    <property name="jpda.listen" value="true"/>
    <property name="jpda.address" value="37519"/>
    <property name="user.home" value="/home/holgerklein"/>
    <property name="user.timezone" value="Europe/Berlin"/>
    <property name="java.awt.printerjob" value="sun.print.PSPrinterJob"/>
    <property name="java.specification.version" value="1.8"/>
    <property name="file.encoding" value="UTF-8"/>
    <property name="user.name" value="holgerklein"/>
    <property name="java.class.path" value="/home/holgerklein/netbeans-8.2/java/maven/boot/plexus-classworlds-2.4.jar"/>
    <property name="maven.surefire.debug" value="-Xdebug -Xrunjdwp:transport=dt_socket,server=n,address=37519"/>
    <property name="java.vm.specification.version" value="1.8"/>
    <property name="sun.arch.data.model" value="64"/>
    <property name="java.home" value="/home/holgerklein/jdk1.8.0_131/jre"/>
    <property name="sun.java.command" value="org.codehaus.plexus.classworlds.launcher.Launcher -Dtest=com.mycompany.combineadresslists.ExcelHandlerTest -DforkMode=once -Dmaven.surefire.debug=-Xdebug -Xrunjdwp:transport=dt_socket,server=n,address=37519 -Djpda.listen=true -Djpda.address=37519 -Dmaven.ext.class.path=/home/holgerklein/netbeans-8.2/java/maven-nblib/netbeans-eventspy.jar test-compile surefire:test"/>
    <property name="java.specification.vendor" value="Oracle Corporation"/>
    <property name="user.language" value="de"/>
    <property name="awt.toolkit" value="sun.awt.X11.XToolkit"/>
    <property name="java.vm.info" value="mixed mode"/>
    <property name="java.version" value="1.8.0_131"/>
    <property name="java.ext.dirs" value="/home/holgerklein/jdk1.8.0_131/jre/lib/ext:/usr/java/packages/lib/ext"/>
    <property name="securerandom.source" value="file:/dev/./urandom"/>
    <property name="sun.boot.class.path" value="/home/holgerklein/jdk1.8.0_131/jre/lib/resources.jar:/home/holgerklein/jdk1.8.0_131/jre/lib/rt.jar:/home/holgerklein/jdk1.8.0_131/jre/lib/sunrsasign.jar:/home/holgerklein/jdk1.8.0_131/jre/lib/jsse.jar:/home/holgerklein/jdk1.8.0_131/jre/lib/jce.jar:/home/holgerklein/jdk1.8.0_131/jre/lib/charsets.jar:/home/holgerklein/jdk1.8.0_131/jre/lib/jfr.jar:/home/holgerklein/jdk1.8.0_131/jre/classes"/>
    <property name="java.vendor" value="Oracle Corporation"/>
    <property name="maven.home" value="/home/holgerklein/netbeans-8.2/java/maven"/>
    <property name="file.separator" value="/"/>
    <property name="java.vendor.url.bug" value="http://bugreport.sun.com/bugreport/"/>
    <property name="forkMode" value="once"/>
    <property name="sun.cpu.endian" value="little"/>
    <property name="sun.io.unicode.encoding" value="UnicodeLittle"/>
    <property name="sun.desktop" value="gnome"/>
    <property name="sun.cpu.isalist" value=""/>
  </properties>
  <testcase name="testCombineTwoAdressLists" classname="com.mycompany.combineadresslists.ExcelHandlerTest" time="14.923">
    <error type="java.lang.NullPointerException:">java.lang.NullPointerException: null
	at com.mycompany.combineadresslists.ExcelHandler.combineAdressLists(ExcelHandler.java:48)
	at com.mycompany.combineadresslists.ExcelHandlerTest.testCombineTwoAdressLists(ExcelHandlerTest.java:62)
</error>
  </testcase>
  <testcase name="testExtractAdressList" classname="com.mycompany.combineadresslists.ExcelHandlerTest" time="0.023"/>
</testsuite>